# JRE version: 7.0_10-b18
# Java VM: Java HotSpot(TM) 64-Bit Server VM (23.6-b04 mixed mode bsd-amd64 compressed oops)
Heap
 def new generation   total 6144K, used 3668K [0x00000007e6e00000, 0x00000007e74a0000, 0x00000007ed8a0000)
  eden space 5504K,  66% used [0x00000007e6e00000, 0x00000007e7194cd8, 0x00000007e7360000)
  from space 640K,   0% used [0x00000007e7360000, 0x00000007e73603f8, 0x00000007e7400000)
  to   space 640K,   0% used [0x00000007e7400000, 0x00000007e7400000, 0x00000007e74a0000)
 tenured generation   total 13632K, used 12196K [0x00000007ed8a0000, 0x00000007ee5f0000, 0x00000007fae00000)
   the space 13632K,  89% used [0x00000007ed8a0000, 0x00000007ee489050, 0x00000007ee489200, 0x00000007ee5f0000)
 compacting perm gen  total 21888K, used 21571K [0x00000007fae00000, 0x00000007fc360000, 0x0000000800000000)
   the space 21888K,  98% used [0x00000007fae00000, 0x00000007fc310c90, 0x00000007fc310e00, 0x00000007fc360000)
GC Heap History (10 events):
Event: 87572.622 GC heap before
{Heap before GC invocations=43 (full 0):
 def new generation   total 6144K, used 5505K [0x00000007e6e00000, 0x00000007e74a0000, 0x00000007ed8a0000)
  eden space 5504K, 100% used [0x00000007e6e00000, 0x00000007e7360000, 0x00000007e7360000)
  from space 640K,   0% used [0x00000007e7400000, 0x00000007e7400410, 0x00000007e74a0000)
  to   space 640K,   0% used [0x00000007e7360000, 0x00000007e7360000, 0x00000007e7400000)
 tenured generation   total 13632K, used 12196K [0x00000007ed8a0000, 0x00000007ee5f0000, 0x00000007fae00000)
   the space 13632K,  89% used [0x00000007ed8a0000, 0x00000007ee489050, 0x00000007ee489200, 0x00000007ee5f0000)
 compacting perm gen  total 21568K, used 21556K [0x00000007fae00000, 0x00000007fc310000, 0x0000000800000000)
   the space 21568K,  99% used [0x00000007fae00000, 0x00000007fc30d210, 0x00000007fc30d400, 0x00000007fc310000)
No shared spaces configured.
Event: 87572.627 GC heap after
Heap after GC invocations=44 (full 0):
 def new generation   total 6144K, used 0K [0x00000007e6e00000, 0x00000007e74a0000, 0x00000007ed8a0000)
  eden space 5504K,   0% used [0x00000007e6e00000, 0x00000007e6e00000, 0x00000007e7360000)
  from space 640K,   0% used [0x00000007e7360000, 0x00000007e73603f8, 0x00000007e7400000)
  to   space 640K,   0% used [0x00000007e7400000, 0x00000007e7400000, 0x00000007e74a0000)
 tenured generation   total 13632K, used 12196K [0x00000007ed8a0000, 0x00000007ee5f0000, 0x00000007fae00000)
   the space 13632K,  89% used [0x00000007ed8a0000, 0x00000007ee489050, 0x00000007ee489200, 0x00000007ee5f0000)
 compacting perm gen  total 21568K, used 21556K [0x00000007fae00000, 0x00000007fc310000, 0x0000000800000000)
   the space 21568K,  99% used [0x00000007fae00000, 0x00000007fc30d210, 0x00000007fc30d400, 0x00000007fc310000)
No shared spaces configured.
}
Event: 94557.952 GC heap before
{Heap before GC invocations=44 (full 0):
 def new generation   total 6144K, used 5504K [0x00000007e6e00000, 0x00000007e74a0000, 0x00000007ed8a0000)
  eden space 5504K, 100% used [0x00000007e6e00000, 0x00000007e7360000, 0x00000007e7360000)
  from space 640K,   0% used [0x00000007e7360000, 0x00000007e73603f8, 0x00000007e7400000)
  to   space 640K,   0% used [0x00000007e7400000, 0x00000007e7400000, 0x00000007e74a0000)
 tenured generation   total 13632K, used 12196K [0x00000007ed8a0000, 0x00000007ee5f0000, 0x00000007fae00000)
   the space 13632K,  89% used [0x00000007ed8a0000, 0x00000007ee489050, 0x00000007ee489200, 0x00000007ee5f0000)
 compacting perm gen  total 21568K, used 21556K [0x00000007fae00000, 0x00000007fc310000, 0x0000000800000000)
   the space 21568K,  99% used [0x00000007fae00000, 0x00000007fc30d210, 0x00000007fc30d400, 0x00000007fc310000)
No shared spaces configured.
Event: 94557.953 GC heap after
Heap after GC invocations=45 (full 0):
 def new generation   total 6144K, used 1K [0x00000007e6e00000, 0x00000007e74a0000, 0x00000007ed8a0000)
  eden space 5504K,   0% used [0x00000007e6e00000, 0x00000007e6e00000, 0x00000007e7360000)
  from space 640K,   0% used [0x00000007e7400000, 0x00000007e7400510, 0x00000007e74a0000)
  to   space 640K,   0% used [0x00000007e7360000, 0x00000007e7360000, 0x00000007e7400000)
 tenured generation   total 13632K, used 12196K [0x00000007ed8a0000, 0x00000007ee5f0000, 0x00000007fae00000)
   the space 13632K,  89% used [0x00000007ed8a0000, 0x00000007ee489050, 0x00000007ee489200, 0x00000007ee5f0000)
 compacting perm gen  total 21568K, used 21556K [0x00000007fae00000, 0x00000007fc310000, 0x0000000800000000)
   the space 21568K,  99% used [0x00000007fae00000, 0x00000007fc30d210, 0x00000007fc30d400, 0x00000007fc310000)
No shared spaces configured.
}
Event: 95515.456 GC heap before
{Heap before GC invocations=45 (full 0):
 def new generation   total 6144K, used 5505K [0x00000007e6e00000, 0x00000007e74a0000, 0x00000007ed8a0000)
  eden space 5504K, 100% used [0x00000007e6e00000, 0x00000007e7360000, 0x00000007e7360000)
  from space 640K,   0% used [0x00000007e7400000, 0x00000007e7400510, 0x00000007e74a0000)
  to   space 640K,   0% used [0x00000007e7360000, 0x00000007e7360000, 0x00000007e7400000)
 tenured generation   total 13632K, used 12196K [0x00000007ed8a0000, 0x00000007ee5f0000, 0x00000007fae00000)
   the space 13632K,  89% used [0x00000007ed8a0000, 0x00000007ee489050, 0x00000007ee489200, 0x00000007ee5f0000)
 compacting perm gen  total 21568K, used 21556K [0x00000007fae00000, 0x00000007fc310000, 0x0000000800000000)
   the space 21568K,  99% used [0x00000007fae00000, 0x00000007fc30d210, 0x00000007fc30d400, 0x00000007fc310000)
No shared spaces configured.
Event: 95515.462 GC heap after
Heap after GC invocations=46 (full 0):
 def new generation   total 6144K, used 1K [0x00000007e6e00000, 0x00000007e74a0000, 0x00000007ed8a0000)
  eden space 5504K,   0% used [0x00000007e6e00000, 0x00000007e6e00000, 0x00000007e7360000)
  from space 640K,   0% used [0x00000007e7360000, 0x00000007e7360410, 0x00000007e7400000)
  to   space 640K,   0% used [0x00000007e7400000, 0x00000007e7400000, 0x00000007e74a0000)
 tenured generation   total 13632K, used 12196K [0x00000007ed8a0000, 0x00000007ee5f0000, 0x00000007fae00000)
   the space 13632K,  89% used [0x00000007ed8a0000, 0x00000007ee489050, 0x00000007ee489200, 0x00000007ee5f0000)
 compacting perm gen  total 21568K, used 21556K [0x00000007fae00000, 0x00000007fc310000, 0x0000000800000000)
   the space 21568K,  99% used [0x00000007fae00000, 0x00000007fc30d210, 0x00000007fc30d400, 0x00000007fc310000)
No shared spaces configured.
}
Event: 97557.133 GC heap before
{Heap before GC invocations=46 (full 0):
 def new generation   total 6144K, used 5505K [0x00000007e6e00000, 0x00000007e74a0000, 0x00000007ed8a0000)
  eden space 5504K, 100% used [0x00000007e6e00000, 0x00000007e7360000, 0x00000007e7360000)
  from space 640K,   0% used [0x00000007e7360000, 0x00000007e7360410, 0x00000007e7400000)
  to   space 640K,   0% used [0x00000007e7400000, 0x00000007e7400000, 0x00000007e74a0000)
 tenured generation   total 13632K, used 12196K [0x00000007ed8a0000, 0x00000007ee5f0000, 0x00000007fae00000)
   the space 13632K,  89% used [0x00000007ed8a0000, 0x00000007ee489050, 0x00000007ee489200, 0x00000007ee5f0000)
 compacting perm gen  total 21568K, used 21556K [0x00000007fae00000, 0x00000007fc310000, 0x0000000800000000)
   the space 21568K,  99% used [0x00000007fae00000, 0x00000007fc30d210, 0x00000007fc30d400, 0x00000007fc310000)
No shared spaces configured.
Event: 97557.139 GC heap after
Heap after GC invocations=47 (full 0):
 def new generation   total 6144K, used 0K [0x00000007e6e00000, 0x00000007e74a0000, 0x00000007ed8a0000)
  eden space 5504K,   0% used [0x00000007e6e00000, 0x00000007e6e00000, 0x00000007e7360000)
  from space 640K,   0% used [0x00000007e7400000, 0x00000007e74003f8, 0x00000007e74a0000)
  to   space 640K,   0% used [0x00000007e7360000, 0x00000007e7360000, 0x00000007e7400000)
 tenured generation   total 13632K, used 12196K [0x00000007ed8a0000, 0x00000007ee5f0000, 0x00000007fae00000)
   the space 13632K,  89% used [0x00000007ed8a0000, 0x00000007ee489050, 0x00000007ee489200, 0x00000007ee5f0000)
 compacting perm gen  total 21568K, used 21556K [0x00000007fae00000, 0x00000007fc310000, 0x0000000800000000)
   the space 21568K,  99% used [0x00000007fae00000, 0x00000007fc30d210, 0x00000007fc30d400, 0x00000007fc310000)
No shared spaces configured.
}
Event: 99597.317 GC heap before
{Heap before GC invocations=47 (full 0):
 def new generation   total 6144K, used 5504K [0x00000007e6e00000, 0x00000007e74a0000, 0x00000007ed8a0000)
  eden space 5504K, 100% used [0x00000007e6e00000, 0x00000007e7360000, 0x00000007e7360000)
  from space 640K,   0% used [0x00000007e7400000, 0x00000007e74003f8, 0x00000007e74a0000)
  to   space 640K,   0% used [0x00000007e7360000, 0x00000007e7360000, 0x00000007e7400000)
 tenured generation   total 13632K, used 12196K [0x00000007ed8a0000, 0x00000007ee5f0000, 0x00000007fae00000)
   the space 13632K,  89% used [0x00000007ed8a0000, 0x00000007ee489050, 0x00000007ee489200, 0x00000007ee5f0000)
 compacting perm gen  total 21568K, used 21557K [0x00000007fae00000, 0x00000007fc310000, 0x0000000800000000)
   the space 21568K,  99% used [0x00000007fae00000, 0x00000007fc30d4d8, 0x00000007fc30d600, 0x00000007fc310000)
No shared spaces configured.
Event: 99597.323 GC heap after
Heap after GC invocations=48 (full 0):
 def new generation   total 6144K, used 0K [0x00000007e6e00000, 0x00000007e74a0000, 0x00000007ed8a0000)
  eden space 5504K,   0% used [0x00000007e6e00000, 0x00000007e6e00000, 0x00000007e7360000)
  from space 640K,   0% used [0x00000007e7360000, 0x00000007e73603f8, 0x00000007e7400000)
  to   space 640K,   0% used [0x00000007e7400000, 0x00000007e7400000, 0x00000007e74a0000)
 tenured generation   total 13632K, used 12196K [0x00000007ed8a0000, 0x00000007ee5f0000, 0x00000007fae00000)
   the space 13632K,  89% used [0x00000007ed8a0000, 0x00000007ee489050, 0x00000007ee489200, 0x00000007ee5f0000)
 compacting perm gen  total 21568K, used 21557K [0x00000007fae00000, 0x00000007fc310000, 0x0000000800000000)
   the space 21568K,  99% used [0x00000007fae00000, 0x00000007fc30d4d8, 0x00000007fc30d600, 0x00000007fc310000)
No shared spaces configured.
}

