# JRE version: 7.0_10-b18
# Java VM: Java HotSpot(TM) 64-Bit Server VM (23.6-b04 mixed mode bsd-amd64 compressed oops)
Heap
 def new generation   total 5248K, used 5085K [0x00000007e9c00000, 0x00000007ea1b0000, 0x00000007ef750000)
  eden space 4672K,  96% used [0x00000007e9c00000, 0x00000007ea0675c0, 0x00000007ea090000)
  from space 576K,  99% used [0x00000007ea120000, 0x00000007ea1afff8, 0x00000007ea1b0000)
  to   space 576K,   0% used [0x00000007ea090000, 0x00000007ea090000, 0x00000007ea120000)
 tenured generation   total 11712K, used 11006K [0x00000007ef750000, 0x00000007f02c0000, 0x00000007fae00000)
   the space 11712K,  93% used [0x00000007ef750000, 0x00000007f020f928, 0x00000007f020fa00, 0x00000007f02c0000)
 compacting perm gen  total 21568K, used 21303K [0x00000007fae00000, 0x00000007fc310000, 0x0000000800000000)
   the space 21568K,  98% used [0x00000007fae00000, 0x00000007fc2cdfe0, 0x00000007fc2ce000, 0x00000007fc310000)
GC Heap History (10 events):
Event: 3.841 GC heap before
{Heap before GC invocations=16 (full 0):
 def new generation   total 5248K, used 5226K [0x00000007e9c00000, 0x00000007ea1b0000, 0x00000007ef750000)
  eden space 4672K, 100% used [0x00000007e9c00000, 0x00000007ea090000, 0x00000007ea090000)
  from space 576K,  96% used [0x00000007ea090000, 0x00000007ea11a970, 0x00000007ea120000)
  to   space 576K,   0% used [0x00000007ea120000, 0x00000007ea120000, 0x00000007ea1b0000)
 tenured generation   total 11712K, used 10173K [0x00000007ef750000, 0x00000007f02c0000, 0x00000007fae00000)
   the space 11712K,  86% used [0x00000007ef750000, 0x00000007f013f638, 0x00000007f013f800, 0x00000007f02c0000)
 compacting perm gen  total 21248K, used 19248K [0x00000007fae00000, 0x00000007fc2c0000, 0x0000000800000000)
   the space 21248K,  90% used [0x00000007fae00000, 0x00000007fc0cc398, 0x00000007fc0cc400, 0x00000007fc2c0000)
No shared spaces configured.
Event: 3.846 GC heap after
Heap after GC invocations=17 (full 0):
 def new generation   total 5248K, used 576K [0x00000007e9c00000, 0x00000007ea1b0000, 0x00000007ef750000)
  eden space 4672K,   0% used [0x00000007e9c00000, 0x00000007e9c00000, 0x00000007ea090000)
  from space 576K, 100% used [0x00000007ea120000, 0x00000007ea1b0000, 0x00000007ea1b0000)
  to   space 576K,   0% used [0x00000007ea090000, 0x00000007ea090000, 0x00000007ea120000)
 tenured generation   total 11712K, used 10419K [0x00000007ef750000, 0x00000007f02c0000, 0x00000007fae00000)
   the space 11712K,  88% used [0x00000007ef750000, 0x00000007f017ce68, 0x00000007f017d000, 0x00000007f02c0000)
 compacting perm gen  total 21248K, used 19248K [0x00000007fae00000, 0x00000007fc2c0000, 0x0000000800000000)
   the space 21248K,  90% used [0x00000007fae00000, 0x00000007fc0cc398, 0x00000007fc0cc400, 0x00000007fc2c0000)
No shared spaces configured.
}
Event: 3.961 GC heap before
{Heap before GC invocations=17 (full 0):
 def new generation   total 5248K, used 5248K [0x00000007e9c00000, 0x00000007ea1b0000, 0x00000007ef750000)
  eden space 4672K, 100% used [0x00000007e9c00000, 0x00000007ea090000, 0x00000007ea090000)
  from space 576K, 100% used [0x00000007ea120000, 0x00000007ea1b0000, 0x00000007ea1b0000)
  to   space 576K,   0% used [0x00000007ea090000, 0x00000007ea090000, 0x00000007ea120000)
 tenured generation   total 11712K, used 10419K [0x00000007ef750000, 0x00000007f02c0000, 0x00000007fae00000)
   the space 11712K,  88% used [0x00000007ef750000, 0x00000007f017ce68, 0x00000007f017d000, 0x00000007f02c0000)
 compacting perm gen  total 21248K, used 19358K [0x00000007fae00000, 0x00000007fc2c0000, 0x0000000800000000)
   the space 21248K,  91% used [0x00000007fae00000, 0x00000007fc0e79f8, 0x00000007fc0e7a00, 0x00000007fc2c0000)
No shared spaces configured.
Event: 3.964 GC heap after
Heap after GC invocations=18 (full 0):
 def new generation   total 5248K, used 162K [0x00000007e9c00000, 0x00000007ea1b0000, 0x00000007ef750000)
  eden space 4672K,   0% used [0x00000007e9c00000, 0x00000007e9c00000, 0x00000007ea090000)
  from space 576K,  28% used [0x00000007ea090000, 0x00000007ea0b8928, 0x00000007ea120000)
  to   space 576K,   0% used [0x00000007ea120000, 0x00000007ea120000, 0x00000007ea1b0000)
 tenured generation   total 11712K, used 10572K [0x00000007ef750000, 0x00000007f02c0000, 0x00000007fae00000)
   the space 11712K,  90% used [0x00000007ef750000, 0x00000007f01a3150, 0x00000007f01a3200, 0x00000007f02c0000)
 compacting perm gen  total 21248K, used 19358K [0x00000007fae00000, 0x00000007fc2c0000, 0x0000000800000000)
   the space 21248K,  91% used [0x00000007fae00000, 0x00000007fc0e79f8, 0x00000007fc0e7a00, 0x00000007fc2c0000)
No shared spaces configured.
}
Event: 4.061 GC heap before
{Heap before GC invocations=18 (full 0):
 def new generation   total 5248K, used 4834K [0x00000007e9c00000, 0x00000007ea1b0000, 0x00000007ef750000)
  eden space 4672K, 100% used [0x00000007e9c00000, 0x00000007ea090000, 0x00000007ea090000)
  from space 576K,  28% used [0x00000007ea090000, 0x00000007ea0b8928, 0x00000007ea120000)
  to   space 576K,   0% used [0x00000007ea120000, 0x00000007ea120000, 0x00000007ea1b0000)
 tenured generation   total 11712K, used 10572K [0x00000007ef750000, 0x00000007f02c0000, 0x00000007fae00000)
   the space 11712K,  90% used [0x00000007ef750000, 0x00000007f01a3150, 0x00000007f01a3200, 0x00000007f02c0000)
 compacting perm gen  total 21248K, used 19485K [0x00000007fae00000, 0x00000007fc2c0000, 0x0000000800000000)
   the space 21248K,  91% used [0x00000007fae00000, 0x00000007fc1077b0, 0x00000007fc107800, 0x00000007fc2c0000)
No shared spaces configured.
Event: 4.064 GC heap after
Heap after GC invocations=19 (full 0):
 def new generation   total 5248K, used 343K [0x00000007e9c00000, 0x00000007ea1b0000, 0x00000007ef750000)
  eden space 4672K,   0% used [0x00000007e9c00000, 0x00000007e9c00000, 0x00000007ea090000)
  from space 576K,  59% used [0x00000007ea120000, 0x00000007ea175ec8, 0x00000007ea1b0000)
  to   space 576K,   0% used [0x00000007ea090000, 0x00000007ea090000, 0x00000007ea120000)
 tenured generation   total 11712K, used 10572K [0x00000007ef750000, 0x00000007f02c0000, 0x00000007fae00000)
   the space 11712K,  90% used [0x00000007ef750000, 0x00000007f01a3150, 0x00000007f01a3200, 0x00000007f02c0000)
 compacting perm gen  total 21248K, used 19485K [0x00000007fae00000, 0x00000007fc2c0000, 0x0000000800000000)
   the space 21248K,  91% used [0x00000007fae00000, 0x00000007fc1077b0, 0x00000007fc107800, 0x00000007fc2c0000)
No shared spaces configured.
}
Event: 4.150 GC heap before
{Heap before GC invocations=19 (full 0):
 def new generation   total 5248K, used 5015K [0x00000007e9c00000, 0x00000007ea1b0000, 0x00000007ef750000)
  eden space 4672K, 100% used [0x00000007e9c00000, 0x00000007ea090000, 0x00000007ea090000)
  from space 576K,  59% used [0x00000007ea120000, 0x00000007ea175ec8, 0x00000007ea1b0000)
  to   space 576K,   0% used [0x00000007ea090000, 0x00000007ea090000, 0x00000007ea120000)
 tenured generation   total 11712K, used 10572K [0x00000007ef750000, 0x00000007f02c0000, 0x00000007fae00000)
   the space 11712K,  90% used [0x00000007ef750000, 0x00000007f01a3150, 0x00000007f01a3200, 0x00000007f02c0000)
 compacting perm gen  total 21248K, used 19621K [0x00000007fae00000, 0x00000007fc2c0000, 0x0000000800000000)
   the space 21248K,  92% used [0x00000007fae00000, 0x00000007fc129750, 0x00000007fc129800, 0x00000007fc2c0000)
No shared spaces configured.
Event: 4.152 GC heap after
Heap after GC invocations=20 (full 0):
 def new generation   total 5248K, used 325K [0x00000007e9c00000, 0x00000007ea1b0000, 0x00000007ef750000)
  eden space 4672K,   0% used [0x00000007e9c00000, 0x00000007e9c00000, 0x00000007ea090000)
  from space 576K,  56% used [0x00000007ea090000, 0x00000007ea0e1798, 0x00000007ea120000)
  to   space 576K,   0% used [0x00000007ea120000, 0x00000007ea120000, 0x00000007ea1b0000)
 tenured generation   total 11712K, used 10702K [0x00000007ef750000, 0x00000007f02c0000, 0x00000007fae00000)
   the space 11712K,  91% used [0x00000007ef750000, 0x00000007f01c3ac0, 0x00000007f01c3c00, 0x00000007f02c0000)
 compacting perm gen  total 21248K, used 19621K [0x00000007fae00000, 0x00000007fc2c0000, 0x0000000800000000)
   the space 21248K,  92% used [0x00000007fae00000, 0x00000007fc129750, 0x00000007fc129800, 0x00000007fc2c0000)
No shared spaces configured.
}
Event: 10.718 GC heap before
{Heap before GC invocations=20 (full 0):
 def new generation   total 5248K, used 4997K [0x00000007e9c00000, 0x00000007ea1b0000, 0x00000007ef750000)
  eden space 4672K, 100% used [0x00000007e9c00000, 0x00000007ea090000, 0x00000007ea090000)
  from space 576K,  56% used [0x00000007ea090000, 0x00000007ea0e1798, 0x00000007ea120000)
  to   space 576K,   0% used [0x00000007ea120000, 0x00000007ea120000, 0x00000007ea1b0000)
 tenured generation   total 11712K, used 10702K [0x00000007ef750000, 0x00000007f02c0000, 0x00000007fae00000)
   the space 11712K,  91% used [0x00000007ef750000, 0x00000007f01c3ac0, 0x00000007f01c3c00, 0x00000007f02c0000)
 compacting perm gen  total 21248K, used 20534K [0x00000007fae00000, 0x00000007fc2c0000, 0x0000000800000000)
   the space 21248K,  96% used [0x00000007fae00000, 0x00000007fc20db28, 0x00000007fc20dc00, 0x00000007fc2c0000)
No shared spaces configured.
Event: 10.722 GC heap after
Heap after GC invocations=21 (full 0):
 def new generation   total 5248K, used 575K [0x00000007e9c00000, 0x00000007ea1b0000, 0x00000007ef750000)
  eden space 4672K,   0% used [0x00000007e9c00000, 0x00000007e9c00000, 0x00000007ea090000)
  from space 576K,  99% used [0x00000007ea120000, 0x00000007ea1afff8, 0x00000007ea1b0000)
  to   space 576K,   0% used [0x00000007ea090000, 0x00000007ea090000, 0x00000007ea120000)
 tenured generation   total 11712K, used 11006K [0x00000007ef750000, 0x00000007f02c0000, 0x00000007fae00000)
   the space 11712K,  93% used [0x00000007ef750000, 0x00000007f020f928, 0x00000007f020fa00, 0x00000007f02c0000)
 compacting perm gen  total 21248K, used 20534K [0x00000007fae00000, 0x00000007fc2c0000, 0x0000000800000000)
   the space 21248K,  96% used [0x00000007fae00000, 0x00000007fc20db28, 0x00000007fc20dc00, 0x00000007fc2c0000)
No shared spaces configured.
}

