# JRE version: 7.0_10-b18
# Java VM: Java HotSpot(TM) 64-Bit Server VM (23.6-b04 mixed mode bsd-amd64 compressed oops)
Heap
 def new generation   total 5248K, used 943K [0x00000007ea200000, 0x00000007ea7b0000, 0x00000007efb50000)
  eden space 4672K,   7% used [0x00000007ea200000, 0x00000007ea25bde8, 0x00000007ea690000)
  from space 576K, 100% used [0x00000007ea690000, 0x00000007ea720000, 0x00000007ea720000)
  to   space 576K,   0% used [0x00000007ea720000, 0x00000007ea720000, 0x00000007ea7b0000)
 tenured generation   total 11456K, used 6467K [0x00000007efb50000, 0x00000007f0680000, 0x00000007fae00000)
   the space 11456K,  56% used [0x00000007efb50000, 0x00000007f01a0de8, 0x00000007f01a0e00, 0x00000007f0680000)
 compacting perm gen  total 21248K, used 20191K [0x00000007fae00000, 0x00000007fc2c0000, 0x0000000800000000)
   the space 21248K,  95% used [0x00000007fae00000, 0x00000007fc1b7e98, 0x00000007fc1b8000, 0x00000007fc2c0000)
GC Heap History (10 events):
Event: 3.096 GC heap before
{Heap before GC invocations=16 (full 0):
 def new generation   total 5184K, used 5177K [0x00000007ea200000, 0x00000007ea790000, 0x00000007efb50000)
  eden space 4672K, 100% used [0x00000007ea200000, 0x00000007ea690000, 0x00000007ea690000)
  from space 512K,  98% used [0x00000007ea690000, 0x00000007ea70e4c8, 0x00000007ea710000)
  to   space 512K,   0% used [0x00000007ea710000, 0x00000007ea710000, 0x00000007ea790000)
 tenured generation   total 11456K, used 11230K [0x00000007efb50000, 0x00000007f0680000, 0x00000007fae00000)
   the space 11456K,  98% used [0x00000007efb50000, 0x00000007f0647b28, 0x00000007f0647c00, 0x00000007f0680000)
 compacting perm gen  total 21248K, used 19346K [0x00000007fae00000, 0x00000007fc2c0000, 0x0000000800000000)
   the space 21248K,  91% used [0x00000007fae00000, 0x00000007fc0e4998, 0x00000007fc0e4a00, 0x00000007fc2c0000)
No shared spaces configured.
Event: 3.164 GC heap after
Heap after GC invocations=17 (full 1):
 def new generation   total 5248K, used 0K [0x00000007ea200000, 0x00000007ea7b0000, 0x00000007efb50000)
  eden space 4672K,   0% used [0x00000007ea200000, 0x00000007ea200000, 0x00000007ea690000)
  from space 576K,   0% used [0x00000007ea690000, 0x00000007ea690000, 0x00000007ea720000)
  to   space 576K,   0% used [0x00000007ea720000, 0x00000007ea720000, 0x00000007ea7b0000)
 tenured generation   total 11456K, used 6215K [0x00000007efb50000, 0x00000007f0680000, 0x00000007fae00000)
   the space 11456K,  54% used [0x00000007efb50000, 0x00000007f0161d58, 0x00000007f0161e00, 0x00000007f0680000)
 compacting perm gen  total 21248K, used 19346K [0x00000007fae00000, 0x00000007fc2c0000, 0x0000000800000000)
   the space 21248K,  91% used [0x00000007fae00000, 0x00000007fc0e4998, 0x00000007fc0e4a00, 0x00000007fc2c0000)
No shared spaces configured.
}
Event: 3.256 GC heap before
{Heap before GC invocations=17 (full 1):
 def new generation   total 5248K, used 4672K [0x00000007ea200000, 0x00000007ea7b0000, 0x00000007efb50000)
  eden space 4672K, 100% used [0x00000007ea200000, 0x00000007ea690000, 0x00000007ea690000)
  from space 576K,   0% used [0x00000007ea690000, 0x00000007ea690000, 0x00000007ea720000)
  to   space 576K,   0% used [0x00000007ea720000, 0x00000007ea720000, 0x00000007ea7b0000)
 tenured generation   total 11456K, used 6215K [0x00000007efb50000, 0x00000007f0680000, 0x00000007fae00000)
   the space 11456K,  54% used [0x00000007efb50000, 0x00000007f0161d58, 0x00000007f0161e00, 0x00000007f0680000)
 compacting perm gen  total 21248K, used 19424K [0x00000007fae00000, 0x00000007fc2c0000, 0x0000000800000000)
   the space 21248K,  91% used [0x00000007fae00000, 0x00000007fc0f82b0, 0x00000007fc0f8400, 0x00000007fc2c0000)
No shared spaces configured.
Event: 3.258 GC heap after
Heap after GC invocations=18 (full 1):
 def new generation   total 5248K, used 145K [0x00000007ea200000, 0x00000007ea7b0000, 0x00000007efb50000)
  eden space 4672K,   0% used [0x00000007ea200000, 0x00000007ea200000, 0x00000007ea690000)
  from space 576K,  25% used [0x00000007ea720000, 0x00000007ea7445a0, 0x00000007ea7b0000)
  to   space 576K,   0% used [0x00000007ea690000, 0x00000007ea690000, 0x00000007ea720000)
 tenured generation   total 11456K, used 6215K [0x00000007efb50000, 0x00000007f0680000, 0x00000007fae00000)
   the space 11456K,  54% used [0x00000007efb50000, 0x00000007f0161d58, 0x00000007f0161e00, 0x00000007f0680000)
 compacting perm gen  total 21248K, used 19424K [0x00000007fae00000, 0x00000007fc2c0000, 0x0000000800000000)
   the space 21248K,  91% used [0x00000007fae00000, 0x00000007fc0f82b0, 0x00000007fc0f8400, 0x00000007fc2c0000)
No shared spaces configured.
}
Event: 3.343 GC heap before
{Heap before GC invocations=18 (full 1):
 def new generation   total 5248K, used 4817K [0x00000007ea200000, 0x00000007ea7b0000, 0x00000007efb50000)
  eden space 4672K, 100% used [0x00000007ea200000, 0x00000007ea690000, 0x00000007ea690000)
  from space 576K,  25% used [0x00000007ea720000, 0x00000007ea7445a0, 0x00000007ea7b0000)
  to   space 576K,   0% used [0x00000007ea690000, 0x00000007ea690000, 0x00000007ea720000)
 tenured generation   total 11456K, used 6215K [0x00000007efb50000, 0x00000007f0680000, 0x00000007fae00000)
   the space 11456K,  54% used [0x00000007efb50000, 0x00000007f0161d58, 0x00000007f0161e00, 0x00000007f0680000)
 compacting perm gen  total 21248K, used 19588K [0x00000007fae00000, 0x00000007fc2c0000, 0x0000000800000000)
   the space 21248K,  92% used [0x00000007fae00000, 0x00000007fc121058, 0x00000007fc121200, 0x00000007fc2c0000)
No shared spaces configured.
Event: 3.345 GC heap after
Heap after GC invocations=19 (full 1):
 def new generation   total 5248K, used 358K [0x00000007ea200000, 0x00000007ea7b0000, 0x00000007efb50000)
  eden space 4672K,   0% used [0x00000007ea200000, 0x00000007ea200000, 0x00000007ea690000)
  from space 576K,  62% used [0x00000007ea690000, 0x00000007ea6e9b68, 0x00000007ea720000)
  to   space 576K,   0% used [0x00000007ea720000, 0x00000007ea720000, 0x00000007ea7b0000)
 tenured generation   total 11456K, used 6215K [0x00000007efb50000, 0x00000007f0680000, 0x00000007fae00000)
   the space 11456K,  54% used [0x00000007efb50000, 0x00000007f0161d58, 0x00000007f0161e00, 0x00000007f0680000)
 compacting perm gen  total 21248K, used 19588K [0x00000007fae00000, 0x00000007fc2c0000, 0x0000000800000000)
   the space 21248K,  92% used [0x00000007fae00000, 0x00000007fc121058, 0x00000007fc121200, 0x00000007fc2c0000)
No shared spaces configured.
}
Event: 3.416 GC heap before
{Heap before GC invocations=19 (full 1):
 def new generation   total 5248K, used 5030K [0x00000007ea200000, 0x00000007ea7b0000, 0x00000007efb50000)
  eden space 4672K, 100% used [0x00000007ea200000, 0x00000007ea690000, 0x00000007ea690000)
  from space 576K,  62% used [0x00000007ea690000, 0x00000007ea6e9b68, 0x00000007ea720000)
  to   space 576K,   0% used [0x00000007ea720000, 0x00000007ea720000, 0x00000007ea7b0000)
 tenured generation   total 11456K, used 6215K [0x00000007efb50000, 0x00000007f0680000, 0x00000007fae00000)
   the space 11456K,  54% used [0x00000007efb50000, 0x00000007f0161d58, 0x00000007f0161e00, 0x00000007f0680000)
 compacting perm gen  total 21248K, used 19642K [0x00000007fae00000, 0x00000007fc2c0000, 0x0000000800000000)
   the space 21248K,  92% used [0x00000007fae00000, 0x00000007fc12eb00, 0x00000007fc12ec00, 0x00000007fc2c0000)
No shared spaces configured.
Event: 3.419 GC heap after
Heap after GC invocations=20 (full 1):
 def new generation   total 5248K, used 287K [0x00000007ea200000, 0x00000007ea7b0000, 0x00000007efb50000)
  eden space 4672K,   0% used [0x00000007ea200000, 0x00000007ea200000, 0x00000007ea690000)
  from space 576K,  49% used [0x00000007ea720000, 0x00000007ea767df0, 0x00000007ea7b0000)
  to   space 576K,   0% used [0x00000007ea690000, 0x00000007ea690000, 0x00000007ea720000)
 tenured generation   total 11456K, used 6339K [0x00000007efb50000, 0x00000007f0680000, 0x00000007fae00000)
   the space 11456K,  55% used [0x00000007efb50000, 0x00000007f0180cb0, 0x00000007f0180e00, 0x00000007f0680000)
 compacting perm gen  total 21248K, used 19642K [0x00000007fae00000, 0x00000007fc2c0000, 0x0000000800000000)
   the space 21248K,  92% used [0x00000007fae00000, 0x00000007fc12eb00, 0x00000007fc12ec00, 0x00000007fc2c0000)
No shared spaces configured.
}
Event: 132.141 GC heap before
{Heap before GC invocations=20 (full 1):
 def new generation   total 5248K, used 4959K [0x00000007ea200000, 0x00000007ea7b0000, 0x00000007efb50000)
  eden space 4672K, 100% used [0x00000007ea200000, 0x00000007ea690000, 0x00000007ea690000)
  from space 576K,  49% used [0x00000007ea720000, 0x00000007ea767df0, 0x00000007ea7b0000)
  to   space 576K,   0% used [0x00000007ea690000, 0x00000007ea690000, 0x00000007ea720000)
 tenured generation   total 11456K, used 6339K [0x00000007efb50000, 0x00000007f0680000, 0x00000007fae00000)
   the space 11456K,  55% used [0x00000007efb50000, 0x00000007f0180cb0, 0x00000007f0180e00, 0x00000007f0680000)
 compacting perm gen  total 21248K, used 20168K [0x00000007fae00000, 0x00000007fc2c0000, 0x0000000800000000)
   the space 21248K,  94% used [0x00000007fae00000, 0x00000007fc1b2318, 0x00000007fc1b2400, 0x00000007fc2c0000)
No shared spaces configured.
Event: 132.174 GC heap after
Heap after GC invocations=21 (full 1):
 def new generation   total 5248K, used 576K [0x00000007ea200000, 0x00000007ea7b0000, 0x00000007efb50000)
  eden space 4672K,   0% used [0x00000007ea200000, 0x00000007ea200000, 0x00000007ea690000)
  from space 576K, 100% used [0x00000007ea690000, 0x00000007ea720000, 0x00000007ea720000)
  to   space 576K,   0% used [0x00000007ea720000, 0x00000007ea720000, 0x00000007ea7b0000)
 tenured generation   total 11456K, used 6467K [0x00000007efb50000, 0x00000007f0680000, 0x00000007fae00000)
   the space 11456K,  56% used [0x00000007efb50000, 0x00000007f01a0de8, 0x00000007f01a0e00, 0x00000007f0680000)
 compacting perm gen  total 21248K, used 20168K [0x00000007fae00000, 0x00000007fc2c0000, 0x0000000800000000)
   the space 21248K,  94% used [0x00000007fae00000, 0x00000007fc1b2318, 0x00000007fc1b2400, 0x00000007fc2c0000)
No shared spaces configured.
}

