# JRE version: 7.0_10-b18
# Java VM: Java HotSpot(TM) 64-Bit Server VM (23.6-b04 mixed mode bsd-amd64 compressed oops)
Heap
 def new generation   total 5376K, used 4020K [0x00000007ea000000, 0x00000007ea5d0000, 0x00000007efa00000)
  eden space 4800K,  71% used [0x00000007ea000000, 0x00000007ea35d1a0, 0x00000007ea4b0000)
  from space 576K,  99% used [0x00000007ea4b0000, 0x00000007ea53fff8, 0x00000007ea540000)
  to   space 576K,   0% used [0x00000007ea540000, 0x00000007ea540000, 0x00000007ea5d0000)
 tenured generation   total 11712K, used 7415K [0x00000007efa00000, 0x00000007f0570000, 0x00000007fae00000)
   the space 11712K,  63% used [0x00000007efa00000, 0x00000007f013ded0, 0x00000007f013e000, 0x00000007f0570000)
 compacting perm gen  total 21568K, used 21300K [0x00000007fae00000, 0x00000007fc310000, 0x0000000800000000)
   the space 21568K,  98% used [0x00000007fae00000, 0x00000007fc2cd0a0, 0x00000007fc2cd200, 0x00000007fc310000)
GC Heap History (10 events):
Event: 2.645 GC heap before
{Heap before GC invocations=16 (full 0):
 def new generation   total 5184K, used 5184K [0x00000007ea000000, 0x00000007ea590000, 0x00000007efa00000)
  eden space 4672K, 100% used [0x00000007ea000000, 0x00000007ea490000, 0x00000007ea490000)
  from space 512K, 100% used [0x00000007ea490000, 0x00000007ea510000, 0x00000007ea510000)
  to   space 512K,   0% used [0x00000007ea510000, 0x00000007ea510000, 0x00000007ea590000)
 tenured generation   total 11520K, used 11290K [0x00000007efa00000, 0x00000007f0540000, 0x00000007fae00000)
   the space 11520K,  98% used [0x00000007efa00000, 0x00000007f0506a50, 0x00000007f0506c00, 0x00000007f0540000)
 compacting perm gen  total 21248K, used 19280K [0x00000007fae00000, 0x00000007fc2c0000, 0x0000000800000000)
   the space 21248K,  90% used [0x00000007fae00000, 0x00000007fc0d4388, 0x00000007fc0d4400, 0x00000007fc2c0000)
No shared spaces configured.
Event: 2.718 GC heap after
Heap after GC invocations=17 (full 1):
 def new generation   total 5376K, used 0K [0x00000007ea000000, 0x00000007ea5d0000, 0x00000007efa00000)
  eden space 4800K,   0% used [0x00000007ea000000, 0x00000007ea000000, 0x00000007ea4b0000)
  from space 576K,   0% used [0x00000007ea4b0000, 0x00000007ea4b0000, 0x00000007ea540000)
  to   space 576K,   0% used [0x00000007ea540000, 0x00000007ea540000, 0x00000007ea5d0000)
 tenured generation   total 11712K, used 6938K [0x00000007efa00000, 0x00000007f0570000, 0x00000007fae00000)
   the space 11712K,  59% used [0x00000007efa00000, 0x00000007f00c6948, 0x00000007f00c6a00, 0x00000007f0570000)
 compacting perm gen  total 21248K, used 19280K [0x00000007fae00000, 0x00000007fc2c0000, 0x0000000800000000)
   the space 21248K,  90% used [0x00000007fae00000, 0x00000007fc0d4388, 0x00000007fc0d4400, 0x00000007fc2c0000)
No shared spaces configured.
}
Event: 2.817 GC heap before
{Heap before GC invocations=17 (full 1):
 def new generation   total 5376K, used 4800K [0x00000007ea000000, 0x00000007ea5d0000, 0x00000007efa00000)
  eden space 4800K, 100% used [0x00000007ea000000, 0x00000007ea4b0000, 0x00000007ea4b0000)
  from space 576K,   0% used [0x00000007ea4b0000, 0x00000007ea4b0000, 0x00000007ea540000)
  to   space 576K,   0% used [0x00000007ea540000, 0x00000007ea540000, 0x00000007ea5d0000)
 tenured generation   total 11712K, used 6938K [0x00000007efa00000, 0x00000007f0570000, 0x00000007fae00000)
   the space 11712K,  59% used [0x00000007efa00000, 0x00000007f00c6948, 0x00000007f00c6a00, 0x00000007f0570000)
 compacting perm gen  total 21248K, used 19368K [0x00000007fae00000, 0x00000007fc2c0000, 0x0000000800000000)
   the space 21248K,  91% used [0x00000007fae00000, 0x00000007fc0ea078, 0x00000007fc0ea200, 0x00000007fc2c0000)
No shared spaces configured.
Event: 2.819 GC heap after
Heap after GC invocations=18 (full 1):
 def new generation   total 5376K, used 137K [0x00000007ea000000, 0x00000007ea5d0000, 0x00000007efa00000)
  eden space 4800K,   0% used [0x00000007ea000000, 0x00000007ea000000, 0x00000007ea4b0000)
  from space 576K,  23% used [0x00000007ea540000, 0x00000007ea562580, 0x00000007ea5d0000)
  to   space 576K,   0% used [0x00000007ea4b0000, 0x00000007ea4b0000, 0x00000007ea540000)
 tenured generation   total 11712K, used 6938K [0x00000007efa00000, 0x00000007f0570000, 0x00000007fae00000)
   the space 11712K,  59% used [0x00000007efa00000, 0x00000007f00c6948, 0x00000007f00c6a00, 0x00000007f0570000)
 compacting perm gen  total 21248K, used 19368K [0x00000007fae00000, 0x00000007fc2c0000, 0x0000000800000000)
   the space 21248K,  91% used [0x00000007fae00000, 0x00000007fc0ea078, 0x00000007fc0ea200, 0x00000007fc2c0000)
No shared spaces configured.
}
Event: 2.901 GC heap before
{Heap before GC invocations=18 (full 1):
 def new generation   total 5376K, used 4937K [0x00000007ea000000, 0x00000007ea5d0000, 0x00000007efa00000)
  eden space 4800K, 100% used [0x00000007ea000000, 0x00000007ea4b0000, 0x00000007ea4b0000)
  from space 576K,  23% used [0x00000007ea540000, 0x00000007ea562580, 0x00000007ea5d0000)
  to   space 576K,   0% used [0x00000007ea4b0000, 0x00000007ea4b0000, 0x00000007ea540000)
 tenured generation   total 11712K, used 6938K [0x00000007efa00000, 0x00000007f0570000, 0x00000007fae00000)
   the space 11712K,  59% used [0x00000007efa00000, 0x00000007f00c6948, 0x00000007f00c6a00, 0x00000007f0570000)
 compacting perm gen  total 21248K, used 19519K [0x00000007fae00000, 0x00000007fc2c0000, 0x0000000800000000)
   the space 21248K,  91% used [0x00000007fae00000, 0x00000007fc10fc28, 0x00000007fc10fe00, 0x00000007fc2c0000)
No shared spaces configured.
Event: 2.904 GC heap after
Heap after GC invocations=19 (full 1):
 def new generation   total 5376K, used 345K [0x00000007ea000000, 0x00000007ea5d0000, 0x00000007efa00000)
  eden space 4800K,   0% used [0x00000007ea000000, 0x00000007ea000000, 0x00000007ea4b0000)
  from space 576K,  59% used [0x00000007ea4b0000, 0x00000007ea506430, 0x00000007ea540000)
  to   space 576K,   0% used [0x00000007ea540000, 0x00000007ea540000, 0x00000007ea5d0000)
 tenured generation   total 11712K, used 6938K [0x00000007efa00000, 0x00000007f0570000, 0x00000007fae00000)
   the space 11712K,  59% used [0x00000007efa00000, 0x00000007f00c6948, 0x00000007f00c6a00, 0x00000007f0570000)
 compacting perm gen  total 21248K, used 19519K [0x00000007fae00000, 0x00000007fc2c0000, 0x0000000800000000)
   the space 21248K,  91% used [0x00000007fae00000, 0x00000007fc10fc28, 0x00000007fc10fe00, 0x00000007fc2c0000)
No shared spaces configured.
}
Event: 2.979 GC heap before
{Heap before GC invocations=19 (full 1):
 def new generation   total 5376K, used 5145K [0x00000007ea000000, 0x00000007ea5d0000, 0x00000007efa00000)
  eden space 4800K, 100% used [0x00000007ea000000, 0x00000007ea4b0000, 0x00000007ea4b0000)
  from space 576K,  59% used [0x00000007ea4b0000, 0x00000007ea506430, 0x00000007ea540000)
  to   space 576K,   0% used [0x00000007ea540000, 0x00000007ea540000, 0x00000007ea5d0000)
 tenured generation   total 11712K, used 6938K [0x00000007efa00000, 0x00000007f0570000, 0x00000007fae00000)
   the space 11712K,  59% used [0x00000007efa00000, 0x00000007f00c6948, 0x00000007f00c6a00, 0x00000007f0570000)
 compacting perm gen  total 21248K, used 19676K [0x00000007fae00000, 0x00000007fc2c0000, 0x0000000800000000)
   the space 21248K,  92% used [0x00000007fae00000, 0x00000007fc1372e0, 0x00000007fc137400, 0x00000007fc2c0000)
No shared spaces configured.
Event: 2.981 GC heap after
Heap after GC invocations=20 (full 1):
 def new generation   total 5376K, used 371K [0x00000007ea000000, 0x00000007ea5d0000, 0x00000007efa00000)
  eden space 4800K,   0% used [0x00000007ea000000, 0x00000007ea000000, 0x00000007ea4b0000)
  from space 576K,  64% used [0x00000007ea540000, 0x00000007ea59cf10, 0x00000007ea5d0000)
  to   space 576K,   0% used [0x00000007ea4b0000, 0x00000007ea4b0000, 0x00000007ea540000)
 tenured generation   total 11712K, used 7041K [0x00000007efa00000, 0x00000007f0570000, 0x00000007fae00000)
   the space 11712K,  60% used [0x00000007efa00000, 0x00000007f00e07c0, 0x00000007f00e0800, 0x00000007f0570000)
 compacting perm gen  total 21248K, used 19676K [0x00000007fae00000, 0x00000007fc2c0000, 0x0000000800000000)
   the space 21248K,  92% used [0x00000007fae00000, 0x00000007fc1372e0, 0x00000007fc137400, 0x00000007fc2c0000)
No shared spaces configured.
}
Event: 6.937 GC heap before
{Heap before GC invocations=20 (full 1):
 def new generation   total 5376K, used 5171K [0x00000007ea000000, 0x00000007ea5d0000, 0x00000007efa00000)
  eden space 4800K, 100% used [0x00000007ea000000, 0x00000007ea4b0000, 0x00000007ea4b0000)
  from space 576K,  64% used [0x00000007ea540000, 0x00000007ea59cf10, 0x00000007ea5d0000)
  to   space 576K,   0% used [0x00000007ea4b0000, 0x00000007ea4b0000, 0x00000007ea540000)
 tenured generation   total 11712K, used 7041K [0x00000007efa00000, 0x00000007f0570000, 0x00000007fae00000)
   the space 11712K,  60% used [0x00000007efa00000, 0x00000007f00e07c0, 0x00000007f00e0800, 0x00000007f0570000)
 compacting perm gen  total 21248K, used 20685K [0x00000007fae00000, 0x00000007fc2c0000, 0x0000000800000000)
   the space 21248K,  97% used [0x00000007fae00000, 0x00000007fc233738, 0x00000007fc233800, 0x00000007fc2c0000)
No shared spaces configured.
Event: 6.942 GC heap after
Heap after GC invocations=21 (full 1):
 def new generation   total 5376K, used 575K [0x00000007ea000000, 0x00000007ea5d0000, 0x00000007efa00000)
  eden space 4800K,   0% used [0x00000007ea000000, 0x00000007ea000000, 0x00000007ea4b0000)
  from space 576K,  99% used [0x00000007ea4b0000, 0x00000007ea53fff8, 0x00000007ea540000)
  to   space 576K,   0% used [0x00000007ea540000, 0x00000007ea540000, 0x00000007ea5d0000)
 tenured generation   total 11712K, used 7415K [0x00000007efa00000, 0x00000007f0570000, 0x00000007fae00000)
   the space 11712K,  63% used [0x00000007efa00000, 0x00000007f013ded0, 0x00000007f013e000, 0x00000007f0570000)
 compacting perm gen  total 21248K, used 20685K [0x00000007fae00000, 0x00000007fc2c0000, 0x0000000800000000)
   the space 21248K,  97% used [0x00000007fae00000, 0x00000007fc233738, 0x00000007fc233800, 0x00000007fc2c0000)
No shared spaces configured.
}

