# JRE version: 7.0_10-b18
# Java VM: Java HotSpot(TM) 64-Bit Server VM (23.6-b04 mixed mode bsd-amd64 compressed oops)
Heap
 def new generation   total 5248K, used 4541K [0x00000007e9a00000, 0x00000007e9fb0000, 0x00000007ef600000)
  eden space 4672K,  84% used [0x00000007e9a00000, 0x00000007e9ddf740, 0x00000007e9e90000)
  from space 576K, 100% used [0x00000007e9f20000, 0x00000007e9fb0000, 0x00000007e9fb0000)
  to   space 576K,   0% used [0x00000007e9e90000, 0x00000007e9e90000, 0x00000007e9f20000)
 tenured generation   total 11776K, used 10959K [0x00000007ef600000, 0x00000007f0180000, 0x00000007fae00000)
   the space 11776K,  93% used [0x00000007ef600000, 0x00000007f00b3de0, 0x00000007f00b3e00, 0x00000007f0180000)
 compacting perm gen  total 21568K, used 21296K [0x00000007fae00000, 0x00000007fc310000, 0x0000000800000000)
   the space 21568K,  98% used [0x00000007fae00000, 0x00000007fc2cc0b0, 0x00000007fc2cc200, 0x00000007fc310000)
GC Heap History (10 events):
Event: 2.767 GC heap before
{Heap before GC invocations=16 (full 0):
 def new generation   total 5248K, used 5228K [0x00000007e9a00000, 0x00000007e9fb0000, 0x00000007ef600000)
  eden space 4672K, 100% used [0x00000007e9a00000, 0x00000007e9e90000, 0x00000007e9e90000)
  from space 576K,  96% used [0x00000007e9e90000, 0x00000007e9f1b168, 0x00000007e9f20000)
  to   space 576K,   0% used [0x00000007e9f20000, 0x00000007e9f20000, 0x00000007e9fb0000)
 tenured generation   total 11776K, used 10140K [0x00000007ef600000, 0x00000007f0180000, 0x00000007fae00000)
   the space 11776K,  86% used [0x00000007ef600000, 0x00000007effe70a8, 0x00000007effe7200, 0x00000007f0180000)
 compacting perm gen  total 21248K, used 19250K [0x00000007fae00000, 0x00000007fc2c0000, 0x0000000800000000)
   the space 21248K,  90% used [0x00000007fae00000, 0x00000007fc0ccad8, 0x00000007fc0ccc00, 0x00000007fc2c0000)
No shared spaces configured.
Event: 2.771 GC heap after
Heap after GC invocations=17 (full 0):
 def new generation   total 5248K, used 576K [0x00000007e9a00000, 0x00000007e9fb0000, 0x00000007ef600000)
  eden space 4672K,   0% used [0x00000007e9a00000, 0x00000007e9a00000, 0x00000007e9e90000)
  from space 576K, 100% used [0x00000007e9f20000, 0x00000007e9fb0000, 0x00000007e9fb0000)
  to   space 576K,   0% used [0x00000007e9e90000, 0x00000007e9e90000, 0x00000007e9f20000)
 tenured generation   total 11776K, used 10381K [0x00000007ef600000, 0x00000007f0180000, 0x00000007fae00000)
   the space 11776K,  88% used [0x00000007ef600000, 0x00000007f0023468, 0x00000007f0023600, 0x00000007f0180000)
 compacting perm gen  total 21248K, used 19250K [0x00000007fae00000, 0x00000007fc2c0000, 0x0000000800000000)
   the space 21248K,  90% used [0x00000007fae00000, 0x00000007fc0ccad8, 0x00000007fc0ccc00, 0x00000007fc2c0000)
No shared spaces configured.
}
Event: 2.870 GC heap before
{Heap before GC invocations=17 (full 0):
 def new generation   total 5248K, used 5248K [0x00000007e9a00000, 0x00000007e9fb0000, 0x00000007ef600000)
  eden space 4672K, 100% used [0x00000007e9a00000, 0x00000007e9e90000, 0x00000007e9e90000)
  from space 576K, 100% used [0x00000007e9f20000, 0x00000007e9fb0000, 0x00000007e9fb0000)
  to   space 576K,   0% used [0x00000007e9e90000, 0x00000007e9e90000, 0x00000007e9f20000)
 tenured generation   total 11776K, used 10381K [0x00000007ef600000, 0x00000007f0180000, 0x00000007fae00000)
   the space 11776K,  88% used [0x00000007ef600000, 0x00000007f0023468, 0x00000007f0023600, 0x00000007f0180000)
 compacting perm gen  total 21248K, used 19360K [0x00000007fae00000, 0x00000007fc2c0000, 0x0000000800000000)
   the space 21248K,  91% used [0x00000007fae00000, 0x00000007fc0e8200, 0x00000007fc0e8200, 0x00000007fc2c0000)
No shared spaces configured.
Event: 2.873 GC heap after
Heap after GC invocations=18 (full 0):
 def new generation   total 5248K, used 164K [0x00000007e9a00000, 0x00000007e9fb0000, 0x00000007ef600000)
  eden space 4672K,   0% used [0x00000007e9a00000, 0x00000007e9a00000, 0x00000007e9e90000)
  from space 576K,  28% used [0x00000007e9e90000, 0x00000007e9eb9188, 0x00000007e9f20000)
  to   space 576K,   0% used [0x00000007e9f20000, 0x00000007e9f20000, 0x00000007e9fb0000)
 tenured generation   total 11776K, used 10532K [0x00000007ef600000, 0x00000007f0180000, 0x00000007fae00000)
   the space 11776K,  89% used [0x00000007ef600000, 0x00000007f00491e0, 0x00000007f0049200, 0x00000007f0180000)
 compacting perm gen  total 21248K, used 19360K [0x00000007fae00000, 0x00000007fc2c0000, 0x0000000800000000)
   the space 21248K,  91% used [0x00000007fae00000, 0x00000007fc0e8200, 0x00000007fc0e8200, 0x00000007fc2c0000)
No shared spaces configured.
}
Event: 2.951 GC heap before
{Heap before GC invocations=18 (full 0):
 def new generation   total 5248K, used 4836K [0x00000007e9a00000, 0x00000007e9fb0000, 0x00000007ef600000)
  eden space 4672K, 100% used [0x00000007e9a00000, 0x00000007e9e90000, 0x00000007e9e90000)
  from space 576K,  28% used [0x00000007e9e90000, 0x00000007e9eb9188, 0x00000007e9f20000)
  to   space 576K,   0% used [0x00000007e9f20000, 0x00000007e9f20000, 0x00000007e9fb0000)
 tenured generation   total 11776K, used 10532K [0x00000007ef600000, 0x00000007f0180000, 0x00000007fae00000)
   the space 11776K,  89% used [0x00000007ef600000, 0x00000007f00491e0, 0x00000007f0049200, 0x00000007f0180000)
 compacting perm gen  total 21248K, used 19499K [0x00000007fae00000, 0x00000007fc2c0000, 0x0000000800000000)
   the space 21248K,  91% used [0x00000007fae00000, 0x00000007fc10af50, 0x00000007fc10b000, 0x00000007fc2c0000)
No shared spaces configured.
Event: 2.953 GC heap after
Heap after GC invocations=19 (full 0):
 def new generation   total 5248K, used 340K [0x00000007e9a00000, 0x00000007e9fb0000, 0x00000007ef600000)
  eden space 4672K,   0% used [0x00000007e9a00000, 0x00000007e9a00000, 0x00000007e9e90000)
  from space 576K,  59% used [0x00000007e9f20000, 0x00000007e9f75030, 0x00000007e9fb0000)
  to   space 576K,   0% used [0x00000007e9e90000, 0x00000007e9e90000, 0x00000007e9f20000)
 tenured generation   total 11776K, used 10532K [0x00000007ef600000, 0x00000007f0180000, 0x00000007fae00000)
   the space 11776K,  89% used [0x00000007ef600000, 0x00000007f00491e0, 0x00000007f0049200, 0x00000007f0180000)
 compacting perm gen  total 21248K, used 19499K [0x00000007fae00000, 0x00000007fc2c0000, 0x0000000800000000)
   the space 21248K,  91% used [0x00000007fae00000, 0x00000007fc10af50, 0x00000007fc10b000, 0x00000007fc2c0000)
No shared spaces configured.
}
Event: 3.028 GC heap before
{Heap before GC invocations=19 (full 0):
 def new generation   total 5248K, used 5012K [0x00000007e9a00000, 0x00000007e9fb0000, 0x00000007ef600000)
  eden space 4672K, 100% used [0x00000007e9a00000, 0x00000007e9e90000, 0x00000007e9e90000)
  from space 576K,  59% used [0x00000007e9f20000, 0x00000007e9f75030, 0x00000007e9fb0000)
  to   space 576K,   0% used [0x00000007e9e90000, 0x00000007e9e90000, 0x00000007e9f20000)
 tenured generation   total 11776K, used 10532K [0x00000007ef600000, 0x00000007f0180000, 0x00000007fae00000)
   the space 11776K,  89% used [0x00000007ef600000, 0x00000007f00491e0, 0x00000007f0049200, 0x00000007f0180000)
 compacting perm gen  total 21248K, used 19640K [0x00000007fae00000, 0x00000007fc2c0000, 0x0000000800000000)
   the space 21248K,  92% used [0x00000007fae00000, 0x00000007fc12e3c0, 0x00000007fc12e400, 0x00000007fc2c0000)
No shared spaces configured.
Event: 3.031 GC heap after
Heap after GC invocations=20 (full 0):
 def new generation   total 5248K, used 318K [0x00000007e9a00000, 0x00000007e9fb0000, 0x00000007ef600000)
  eden space 4672K,   0% used [0x00000007e9a00000, 0x00000007e9a00000, 0x00000007e9e90000)
  from space 576K,  55% used [0x00000007e9e90000, 0x00000007e9edf800, 0x00000007e9f20000)
  to   space 576K,   0% used [0x00000007e9f20000, 0x00000007e9f20000, 0x00000007e9fb0000)
 tenured generation   total 11776K, used 10662K [0x00000007ef600000, 0x00000007f0180000, 0x00000007fae00000)
   the space 11776K,  90% used [0x00000007ef600000, 0x00000007f0069b88, 0x00000007f0069c00, 0x00000007f0180000)
 compacting perm gen  total 21248K, used 19640K [0x00000007fae00000, 0x00000007fc2c0000, 0x0000000800000000)
   the space 21248K,  92% used [0x00000007fae00000, 0x00000007fc12e3c0, 0x00000007fc12e400, 0x00000007fc2c0000)
No shared spaces configured.
}
Event: 12.492 GC heap before
{Heap before GC invocations=20 (full 0):
 def new generation   total 5248K, used 4990K [0x00000007e9a00000, 0x00000007e9fb0000, 0x00000007ef600000)
  eden space 4672K, 100% used [0x00000007e9a00000, 0x00000007e9e90000, 0x00000007e9e90000)
  from space 576K,  55% used [0x00000007e9e90000, 0x00000007e9edf800, 0x00000007e9f20000)
  to   space 576K,   0% used [0x00000007e9f20000, 0x00000007e9f20000, 0x00000007e9fb0000)
 tenured generation   total 11776K, used 10662K [0x00000007ef600000, 0x00000007f0180000, 0x00000007fae00000)
   the space 11776K,  90% used [0x00000007ef600000, 0x00000007f0069b88, 0x00000007f0069c00, 0x00000007f0180000)
 compacting perm gen  total 21248K, used 20591K [0x00000007fae00000, 0x00000007fc2c0000, 0x0000000800000000)
   the space 21248K,  96% used [0x00000007fae00000, 0x00000007fc21bcf0, 0x00000007fc21be00, 0x00000007fc2c0000)
No shared spaces configured.
Event: 12.497 GC heap after
Heap after GC invocations=21 (full 0):
 def new generation   total 5248K, used 576K [0x00000007e9a00000, 0x00000007e9fb0000, 0x00000007ef600000)
  eden space 4672K,   0% used [0x00000007e9a00000, 0x00000007e9a00000, 0x00000007e9e90000)
  from space 576K, 100% used [0x00000007e9f20000, 0x00000007e9fb0000, 0x00000007e9fb0000)
  to   space 576K,   0% used [0x00000007e9e90000, 0x00000007e9e90000, 0x00000007e9f20000)
 tenured generation   total 11776K, used 10959K [0x00000007ef600000, 0x00000007f0180000, 0x00000007fae00000)
   the space 11776K,  93% used [0x00000007ef600000, 0x00000007f00b3de0, 0x00000007f00b3e00, 0x00000007f0180000)
 compacting perm gen  total 21248K, used 20591K [0x00000007fae00000, 0x00000007fc2c0000, 0x0000000800000000)
   the space 21248K,  96% used [0x00000007fae00000, 0x00000007fc21bcf0, 0x00000007fc21be00, 0x00000007fc2c0000)
No shared spaces configured.
}

