# JRE version: 7.0_10-b18
# Java VM: Java HotSpot(TM) 64-Bit Server VM (23.6-b04 mixed mode bsd-amd64 compressed oops)
Heap
 def new generation   total 5184K, used 3854K [0x00000007e9e00000, 0x00000007ea3a0000, 0x00000007ef8a0000)
  eden space 4608K,  71% used [0x00000007e9e00000, 0x00000007ea133820, 0x00000007ea280000)
  from space 576K,  99% used [0x00000007ea280000, 0x00000007ea30fff8, 0x00000007ea310000)
  to   space 576K,   0% used [0x00000007ea310000, 0x00000007ea310000, 0x00000007ea3a0000)
 tenured generation   total 11648K, used 11289K [0x00000007ef8a0000, 0x00000007f0400000, 0x00000007fae00000)
   the space 11648K,  96% used [0x00000007ef8a0000, 0x00000007f03a6450, 0x00000007f03a6600, 0x00000007f0400000)
 compacting perm gen  total 21248K, used 21151K [0x00000007fae00000, 0x00000007fc2c0000, 0x0000000800000000)
   the space 21248K,  99% used [0x00000007fae00000, 0x00000007fc2a7df8, 0x00000007fc2a7e00, 0x00000007fc2c0000)
GC Heap History (10 events):
Event: 2.632 GC heap before
{Heap before GC invocations=17 (full 0):
 def new generation   total 5184K, used 5184K [0x00000007e9e00000, 0x00000007ea3a0000, 0x00000007ef8a0000)
  eden space 4608K, 100% used [0x00000007e9e00000, 0x00000007ea280000, 0x00000007ea280000)
  from space 576K, 100% used [0x00000007ea310000, 0x00000007ea3a0000, 0x00000007ea3a0000)
  to   space 576K,   0% used [0x00000007ea280000, 0x00000007ea280000, 0x00000007ea310000)
 tenured generation   total 11648K, used 10464K [0x00000007ef8a0000, 0x00000007f0400000, 0x00000007fae00000)
   the space 11648K,  89% used [0x00000007ef8a0000, 0x00000007f02d8238, 0x00000007f02d8400, 0x00000007f0400000)
 compacting perm gen  total 21248K, used 19419K [0x00000007fae00000, 0x00000007fc2c0000, 0x0000000800000000)
   the space 21248K,  91% used [0x00000007fae00000, 0x00000007fc0f6ed8, 0x00000007fc0f7000, 0x00000007fc2c0000)
No shared spaces configured.
Event: 2.635 GC heap after
Heap after GC invocations=18 (full 0):
 def new generation   total 5184K, used 311K [0x00000007e9e00000, 0x00000007ea3a0000, 0x00000007ef8a0000)
  eden space 4608K,   0% used [0x00000007e9e00000, 0x00000007e9e00000, 0x00000007ea280000)
  from space 576K,  54% used [0x00000007ea280000, 0x00000007ea2cded0, 0x00000007ea310000)
  to   space 576K,   0% used [0x00000007ea310000, 0x00000007ea310000, 0x00000007ea3a0000)
 tenured generation   total 11648K, used 10594K [0x00000007ef8a0000, 0x00000007f0400000, 0x00000007fae00000)
   the space 11648K,  90% used [0x00000007ef8a0000, 0x00000007f02f88d8, 0x00000007f02f8a00, 0x00000007f0400000)
 compacting perm gen  total 21248K, used 19419K [0x00000007fae00000, 0x00000007fc2c0000, 0x0000000800000000)
   the space 21248K,  91% used [0x00000007fae00000, 0x00000007fc0f6ed8, 0x00000007fc0f7000, 0x00000007fc2c0000)
No shared spaces configured.
}
Event: 2.716 GC heap before
{Heap before GC invocations=18 (full 0):
 def new generation   total 5184K, used 4919K [0x00000007e9e00000, 0x00000007ea3a0000, 0x00000007ef8a0000)
  eden space 4608K, 100% used [0x00000007e9e00000, 0x00000007ea280000, 0x00000007ea280000)
  from space 576K,  54% used [0x00000007ea280000, 0x00000007ea2cded0, 0x00000007ea310000)
  to   space 576K,   0% used [0x00000007ea310000, 0x00000007ea310000, 0x00000007ea3a0000)
 tenured generation   total 11648K, used 10594K [0x00000007ef8a0000, 0x00000007f0400000, 0x00000007fae00000)
   the space 11648K,  90% used [0x00000007ef8a0000, 0x00000007f02f88d8, 0x00000007f02f8a00, 0x00000007f0400000)
 compacting perm gen  total 21248K, used 19559K [0x00000007fae00000, 0x00000007fc2c0000, 0x0000000800000000)
   the space 21248K,  92% used [0x00000007fae00000, 0x00000007fc119c30, 0x00000007fc119e00, 0x00000007fc2c0000)
No shared spaces configured.
Event: 2.718 GC heap after
Heap after GC invocations=19 (full 0):
 def new generation   total 5184K, used 190K [0x00000007e9e00000, 0x00000007ea3a0000, 0x00000007ef8a0000)
  eden space 4608K,   0% used [0x00000007e9e00000, 0x00000007e9e00000, 0x00000007ea280000)
  from space 576K,  33% used [0x00000007ea310000, 0x00000007ea33f988, 0x00000007ea3a0000)
  to   space 576K,   0% used [0x00000007ea280000, 0x00000007ea280000, 0x00000007ea310000)
 tenured generation   total 11648K, used 10749K [0x00000007ef8a0000, 0x00000007f0400000, 0x00000007fae00000)
   the space 11648K,  92% used [0x00000007ef8a0000, 0x00000007f031f5a0, 0x00000007f031f600, 0x00000007f0400000)
 compacting perm gen  total 21248K, used 19559K [0x00000007fae00000, 0x00000007fc2c0000, 0x0000000800000000)
   the space 21248K,  92% used [0x00000007fae00000, 0x00000007fc119c30, 0x00000007fc119e00, 0x00000007fc2c0000)
No shared spaces configured.
}
Event: 2.794 GC heap before
{Heap before GC invocations=19 (full 0):
 def new generation   total 5184K, used 4798K [0x00000007e9e00000, 0x00000007ea3a0000, 0x00000007ef8a0000)
  eden space 4608K, 100% used [0x00000007e9e00000, 0x00000007ea280000, 0x00000007ea280000)
  from space 576K,  33% used [0x00000007ea310000, 0x00000007ea33f988, 0x00000007ea3a0000)
  to   space 576K,   0% used [0x00000007ea280000, 0x00000007ea280000, 0x00000007ea310000)
 tenured generation   total 11648K, used 10749K [0x00000007ef8a0000, 0x00000007f0400000, 0x00000007fae00000)
   the space 11648K,  92% used [0x00000007ef8a0000, 0x00000007f031f5a0, 0x00000007f031f600, 0x00000007f0400000)
 compacting perm gen  total 21248K, used 19632K [0x00000007fae00000, 0x00000007fc2c0000, 0x0000000800000000)
   the space 21248K,  92% used [0x00000007fae00000, 0x00000007fc12c060, 0x00000007fc12c200, 0x00000007fc2c0000)
No shared spaces configured.
Event: 2.796 GC heap after
Heap after GC invocations=20 (full 0):
 def new generation   total 5184K, used 294K [0x00000007e9e00000, 0x00000007ea3a0000, 0x00000007ef8a0000)
  eden space 4608K,   0% used [0x00000007e9e00000, 0x00000007e9e00000, 0x00000007ea280000)
  from space 576K,  51% used [0x00000007ea280000, 0x00000007ea2c9bc0, 0x00000007ea310000)
  to   space 576K,   0% used [0x00000007ea310000, 0x00000007ea310000, 0x00000007ea3a0000)
 tenured generation   total 11648K, used 10749K [0x00000007ef8a0000, 0x00000007f0400000, 0x00000007fae00000)
   the space 11648K,  92% used [0x00000007ef8a0000, 0x00000007f031f5a0, 0x00000007f031f600, 0x00000007f0400000)
 compacting perm gen  total 21248K, used 19632K [0x00000007fae00000, 0x00000007fc2c0000, 0x0000000800000000)
   the space 21248K,  92% used [0x00000007fae00000, 0x00000007fc12c060, 0x00000007fc12c200, 0x00000007fc2c0000)
No shared spaces configured.
}
Event: 2.867 GC heap before
{Heap before GC invocations=20 (full 0):
 def new generation   total 5184K, used 4902K [0x00000007e9e00000, 0x00000007ea3a0000, 0x00000007ef8a0000)
  eden space 4608K, 100% used [0x00000007e9e00000, 0x00000007ea280000, 0x00000007ea280000)
  from space 576K,  51% used [0x00000007ea280000, 0x00000007ea2c9bc0, 0x00000007ea310000)
  to   space 576K,   0% used [0x00000007ea310000, 0x00000007ea310000, 0x00000007ea3a0000)
 tenured generation   total 11648K, used 10749K [0x00000007ef8a0000, 0x00000007f0400000, 0x00000007fae00000)
   the space 11648K,  92% used [0x00000007ef8a0000, 0x00000007f031f5a0, 0x00000007f031f600, 0x00000007f0400000)
 compacting perm gen  total 21248K, used 20153K [0x00000007fae00000, 0x00000007fc2c0000, 0x0000000800000000)
   the space 21248K,  94% used [0x00000007fae00000, 0x00000007fc1ae740, 0x00000007fc1ae800, 0x00000007fc2c0000)
No shared spaces configured.
Event: 2.871 GC heap after
Heap after GC invocations=21 (full 0):
 def new generation   total 5184K, used 575K [0x00000007e9e00000, 0x00000007ea3a0000, 0x00000007ef8a0000)
  eden space 4608K,   0% used [0x00000007e9e00000, 0x00000007e9e00000, 0x00000007ea280000)
  from space 576K,  99% used [0x00000007ea310000, 0x00000007ea39ffd8, 0x00000007ea3a0000)
  to   space 576K,   0% used [0x00000007ea280000, 0x00000007ea280000, 0x00000007ea310000)
 tenured generation   total 11648K, used 10883K [0x00000007ef8a0000, 0x00000007f0400000, 0x00000007fae00000)
   the space 11648K,  93% used [0x00000007ef8a0000, 0x00000007f0340c78, 0x00000007f0340e00, 0x00000007f0400000)
 compacting perm gen  total 21248K, used 20153K [0x00000007fae00000, 0x00000007fc2c0000, 0x0000000800000000)
   the space 21248K,  94% used [0x00000007fae00000, 0x00000007fc1ae740, 0x00000007fc1ae800, 0x00000007fc2c0000)
No shared spaces configured.
}
Event: 229.328 GC heap before
{Heap before GC invocations=21 (full 0):
 def new generation   total 5184K, used 5183K [0x00000007e9e00000, 0x00000007ea3a0000, 0x00000007ef8a0000)
  eden space 4608K, 100% used [0x00000007e9e00000, 0x00000007ea280000, 0x00000007ea280000)
  from space 576K,  99% used [0x00000007ea310000, 0x00000007ea39ffd8, 0x00000007ea3a0000)
  to   space 576K,   0% used [0x00000007ea280000, 0x00000007ea280000, 0x00000007ea310000)
 tenured generation   total 11648K, used 10883K [0x00000007ef8a0000, 0x00000007f0400000, 0x00000007fae00000)
   the space 11648K,  93% used [0x00000007ef8a0000, 0x00000007f0340c78, 0x00000007f0340e00, 0x00000007f0400000)
 compacting perm gen  total 21248K, used 21121K [0x00000007fae00000, 0x00000007fc2c0000, 0x0000000800000000)
   the space 21248K,  99% used [0x00000007fae00000, 0x00000007fc2a07d8, 0x00000007fc2a0800, 0x00000007fc2c0000)
No shared spaces configured.
Event: 229.345 GC heap after
Heap after GC invocations=22 (full 0):
 def new generation   total 5184K, used 575K [0x00000007e9e00000, 0x00000007ea3a0000, 0x00000007ef8a0000)
  eden space 4608K,   0% used [0x00000007e9e00000, 0x00000007e9e00000, 0x00000007ea280000)
  from space 576K,  99% used [0x00000007ea280000, 0x00000007ea30fff8, 0x00000007ea310000)
  to   space 576K,   0% used [0x00000007ea310000, 0x00000007ea310000, 0x00000007ea3a0000)
 tenured generation   total 11648K, used 11289K [0x00000007ef8a0000, 0x00000007f0400000, 0x00000007fae00000)
   the space 11648K,  96% used [0x00000007ef8a0000, 0x00000007f03a6450, 0x00000007f03a6600, 0x00000007f0400000)
 compacting perm gen  total 21248K, used 21121K [0x00000007fae00000, 0x00000007fc2c0000, 0x0000000800000000)
   the space 21248K,  99% used [0x00000007fae00000, 0x00000007fc2a07d8, 0x00000007fc2a0800, 0x00000007fc2c0000)
No shared spaces configured.
}

