# JRE version: 7.0_10-b18
# Java VM: Java HotSpot(TM) 64-Bit Server VM (23.6-b04 mixed mode bsd-amd64 compressed oops)
Heap
 def new generation   total 5184K, used 1268K [0x00000007e9e00000, 0x00000007ea3a0000, 0x00000007ef8a0000)
  eden space 4608K,  15% used [0x00000007e9e00000, 0x00000007e9ead1b8, 0x00000007ea280000)
  from space 576K, 100% used [0x00000007ea310000, 0x00000007ea3a0000, 0x00000007ea3a0000)
  to   space 576K,   0% used [0x00000007ea280000, 0x00000007ea280000, 0x00000007ea310000)
 tenured generation   total 11648K, used 10852K [0x00000007ef8a0000, 0x00000007f0400000, 0x00000007fae00000)
   the space 11648K,  93% used [0x00000007ef8a0000, 0x00000007f03390b8, 0x00000007f0339200, 0x00000007f0400000)
 compacting perm gen  total 21248K, used 20123K [0x00000007fae00000, 0x00000007fc2c0000, 0x0000000800000000)
   the space 21248K,  94% used [0x00000007fae00000, 0x00000007fc1a6c90, 0x00000007fc1a6e00, 0x00000007fc2c0000)
GC Heap History (10 events):
Event: 4.794 GC heap before
{Heap before GC invocations=16 (full 0):
 def new generation   total 5184K, used 5134K [0x00000007e9e00000, 0x00000007ea3a0000, 0x00000007ef8a0000)
  eden space 4608K, 100% used [0x00000007e9e00000, 0x00000007ea280000, 0x00000007ea280000)
  from space 576K,  91% used [0x00000007ea280000, 0x00000007ea303940, 0x00000007ea310000)
  to   space 576K,   0% used [0x00000007ea310000, 0x00000007ea310000, 0x00000007ea3a0000)
 tenured generation   total 11648K, used 10201K [0x00000007ef8a0000, 0x00000007f0400000, 0x00000007fae00000)
   the space 11648K,  87% used [0x00000007ef8a0000, 0x00000007f0296420, 0x00000007f0296600, 0x00000007f0400000)
 compacting perm gen  total 21248K, used 19205K [0x00000007fae00000, 0x00000007fc2c0000, 0x0000000800000000)
   the space 21248K,  90% used [0x00000007fae00000, 0x00000007fc0c16e8, 0x00000007fc0c1800, 0x00000007fc2c0000)
No shared spaces configured.
Event: 4.798 GC heap after
Heap after GC invocations=17 (full 0):
 def new generation   total 5184K, used 576K [0x00000007e9e00000, 0x00000007ea3a0000, 0x00000007ef8a0000)
  eden space 4608K,   0% used [0x00000007e9e00000, 0x00000007e9e00000, 0x00000007ea280000)
  from space 576K, 100% used [0x00000007ea310000, 0x00000007ea3a0000, 0x00000007ea3a0000)
  to   space 576K,   0% used [0x00000007ea280000, 0x00000007ea280000, 0x00000007ea310000)
 tenured generation   total 11648K, used 10451K [0x00000007ef8a0000, 0x00000007f0400000, 0x00000007fae00000)
   the space 11648K,  89% used [0x00000007ef8a0000, 0x00000007f02d4c70, 0x00000007f02d4e00, 0x00000007f0400000)
 compacting perm gen  total 21248K, used 19205K [0x00000007fae00000, 0x00000007fc2c0000, 0x0000000800000000)
   the space 21248K,  90% used [0x00000007fae00000, 0x00000007fc0c16e8, 0x00000007fc0c1800, 0x00000007fc2c0000)
No shared spaces configured.
}
Event: 4.892 GC heap before
{Heap before GC invocations=17 (full 0):
 def new generation   total 5184K, used 5184K [0x00000007e9e00000, 0x00000007ea3a0000, 0x00000007ef8a0000)
  eden space 4608K, 100% used [0x00000007e9e00000, 0x00000007ea280000, 0x00000007ea280000)
  from space 576K, 100% used [0x00000007ea310000, 0x00000007ea3a0000, 0x00000007ea3a0000)
  to   space 576K,   0% used [0x00000007ea280000, 0x00000007ea280000, 0x00000007ea310000)
 tenured generation   total 11648K, used 10451K [0x00000007ef8a0000, 0x00000007f0400000, 0x00000007fae00000)
   the space 11648K,  89% used [0x00000007ef8a0000, 0x00000007f02d4c70, 0x00000007f02d4e00, 0x00000007f0400000)
 compacting perm gen  total 21248K, used 19358K [0x00000007fae00000, 0x00000007fc2c0000, 0x0000000800000000)
   the space 21248K,  91% used [0x00000007fae00000, 0x00000007fc0e7af8, 0x00000007fc0e7c00, 0x00000007fc2c0000)
No shared spaces configured.
Event: 4.895 GC heap after
Heap after GC invocations=18 (full 0):
 def new generation   total 5184K, used 257K [0x00000007e9e00000, 0x00000007ea3a0000, 0x00000007ef8a0000)
  eden space 4608K,   0% used [0x00000007e9e00000, 0x00000007e9e00000, 0x00000007ea280000)
  from space 576K,  44% used [0x00000007ea280000, 0x00000007ea2c06c0, 0x00000007ea310000)
  to   space 576K,   0% used [0x00000007ea310000, 0x00000007ea310000, 0x00000007ea3a0000)
 tenured generation   total 11648K, used 10572K [0x00000007ef8a0000, 0x00000007f0400000, 0x00000007fae00000)
   the space 11648K,  90% used [0x00000007ef8a0000, 0x00000007f02f3288, 0x00000007f02f3400, 0x00000007f0400000)
 compacting perm gen  total 21248K, used 19358K [0x00000007fae00000, 0x00000007fc2c0000, 0x0000000800000000)
   the space 21248K,  91% used [0x00000007fae00000, 0x00000007fc0e7af8, 0x00000007fc0e7c00, 0x00000007fc2c0000)
No shared spaces configured.
}
Event: 4.986 GC heap before
{Heap before GC invocations=18 (full 0):
 def new generation   total 5184K, used 4865K [0x00000007e9e00000, 0x00000007ea3a0000, 0x00000007ef8a0000)
  eden space 4608K, 100% used [0x00000007e9e00000, 0x00000007ea280000, 0x00000007ea280000)
  from space 576K,  44% used [0x00000007ea280000, 0x00000007ea2c06c0, 0x00000007ea310000)
  to   space 576K,   0% used [0x00000007ea310000, 0x00000007ea310000, 0x00000007ea3a0000)
 tenured generation   total 11648K, used 10572K [0x00000007ef8a0000, 0x00000007f0400000, 0x00000007fae00000)
   the space 11648K,  90% used [0x00000007ef8a0000, 0x00000007f02f3288, 0x00000007f02f3400, 0x00000007f0400000)
 compacting perm gen  total 21248K, used 19523K [0x00000007fae00000, 0x00000007fc2c0000, 0x0000000800000000)
   the space 21248K,  91% used [0x00000007fae00000, 0x00000007fc110c58, 0x00000007fc110e00, 0x00000007fc2c0000)
No shared spaces configured.
Event: 4.988 GC heap after
Heap after GC invocations=19 (full 0):
 def new generation   total 5184K, used 372K [0x00000007e9e00000, 0x00000007ea3a0000, 0x00000007ef8a0000)
  eden space 4608K,   0% used [0x00000007e9e00000, 0x00000007e9e00000, 0x00000007ea280000)
  from space 576K,  64% used [0x00000007ea310000, 0x00000007ea36d2b8, 0x00000007ea3a0000)
  to   space 576K,   0% used [0x00000007ea280000, 0x00000007ea280000, 0x00000007ea310000)
 tenured generation   total 11648K, used 10572K [0x00000007ef8a0000, 0x00000007f0400000, 0x00000007fae00000)
   the space 11648K,  90% used [0x00000007ef8a0000, 0x00000007f02f3288, 0x00000007f02f3400, 0x00000007f0400000)
 compacting perm gen  total 21248K, used 19523K [0x00000007fae00000, 0x00000007fc2c0000, 0x0000000800000000)
   the space 21248K,  91% used [0x00000007fae00000, 0x00000007fc110c58, 0x00000007fc110e00, 0x00000007fc2c0000)
No shared spaces configured.
}
Event: 5.056 GC heap before
{Heap before GC invocations=19 (full 0):
 def new generation   total 5184K, used 4980K [0x00000007e9e00000, 0x00000007ea3a0000, 0x00000007ef8a0000)
  eden space 4608K, 100% used [0x00000007e9e00000, 0x00000007ea280000, 0x00000007ea280000)
  from space 576K,  64% used [0x00000007ea310000, 0x00000007ea36d2b8, 0x00000007ea3a0000)
  to   space 576K,   0% used [0x00000007ea280000, 0x00000007ea280000, 0x00000007ea310000)
 tenured generation   total 11648K, used 10572K [0x00000007ef8a0000, 0x00000007f0400000, 0x00000007fae00000)
   the space 11648K,  90% used [0x00000007ef8a0000, 0x00000007f02f3288, 0x00000007f02f3400, 0x00000007f0400000)
 compacting perm gen  total 21248K, used 19572K [0x00000007fae00000, 0x00000007fc2c0000, 0x0000000800000000)
   the space 21248K,  92% used [0x00000007fae00000, 0x00000007fc11d070, 0x00000007fc11d200, 0x00000007fc2c0000)
No shared spaces configured.
Event: 5.059 GC heap after
Heap after GC invocations=20 (full 0):
 def new generation   total 5184K, used 268K [0x00000007e9e00000, 0x00000007ea3a0000, 0x00000007ef8a0000)
  eden space 4608K,   0% used [0x00000007e9e00000, 0x00000007e9e00000, 0x00000007ea280000)
  from space 576K,  46% used [0x00000007ea280000, 0x00000007ea2c3298, 0x00000007ea310000)
  to   space 576K,   0% used [0x00000007ea310000, 0x00000007ea310000, 0x00000007ea3a0000)
 tenured generation   total 11648K, used 10719K [0x00000007ef8a0000, 0x00000007f0400000, 0x00000007fae00000)
   the space 11648K,  92% used [0x00000007ef8a0000, 0x00000007f0317f70, 0x00000007f0318000, 0x00000007f0400000)
 compacting perm gen  total 21248K, used 19572K [0x00000007fae00000, 0x00000007fc2c0000, 0x0000000800000000)
   the space 21248K,  92% used [0x00000007fae00000, 0x00000007fc11d070, 0x00000007fc11d200, 0x00000007fc2c0000)
No shared spaces configured.
}
Event: 5.169 GC heap before
{Heap before GC invocations=20 (full 0):
 def new generation   total 5184K, used 4876K [0x00000007e9e00000, 0x00000007ea3a0000, 0x00000007ef8a0000)
  eden space 4608K, 100% used [0x00000007e9e00000, 0x00000007ea280000, 0x00000007ea280000)
  from space 576K,  46% used [0x00000007ea280000, 0x00000007ea2c3298, 0x00000007ea310000)
  to   space 576K,   0% used [0x00000007ea310000, 0x00000007ea310000, 0x00000007ea3a0000)
 tenured generation   total 11648K, used 10719K [0x00000007ef8a0000, 0x00000007f0400000, 0x00000007fae00000)
   the space 11648K,  92% used [0x00000007ef8a0000, 0x00000007f0317f70, 0x00000007f0318000, 0x00000007f0400000)
 compacting perm gen  total 21248K, used 20092K [0x00000007fae00000, 0x00000007fc2c0000, 0x0000000800000000)
   the space 21248K,  94% used [0x00000007fae00000, 0x00000007fc19f2f8, 0x00000007fc19f400, 0x00000007fc2c0000)
No shared spaces configured.
Event: 5.173 GC heap after
Heap after GC invocations=21 (full 0):
 def new generation   total 5184K, used 576K [0x00000007e9e00000, 0x00000007ea3a0000, 0x00000007ef8a0000)
  eden space 4608K,   0% used [0x00000007e9e00000, 0x00000007e9e00000, 0x00000007ea280000)
  from space 576K, 100% used [0x00000007ea310000, 0x00000007ea3a0000, 0x00000007ea3a0000)
  to   space 576K,   0% used [0x00000007ea280000, 0x00000007ea280000, 0x00000007ea310000)
 tenured generation   total 11648K, used 10852K [0x00000007ef8a0000, 0x00000007f0400000, 0x00000007fae00000)
   the space 11648K,  93% used [0x00000007ef8a0000, 0x00000007f03390b8, 0x00000007f0339200, 0x00000007f0400000)
 compacting perm gen  total 21248K, used 20092K [0x00000007fae00000, 0x00000007fc2c0000, 0x0000000800000000)
   the space 21248K,  94% used [0x00000007fae00000, 0x00000007fc19f2f8, 0x00000007fc19f400, 0x00000007fc2c0000)
No shared spaces configured.
}

