# JRE version: 7.0_10-b18
# Java VM: Java HotSpot(TM) 64-Bit Server VM (23.6-b04 mixed mode bsd-amd64 compressed oops)
Heap
 def new generation   total 5248K, used 1532K [0x000000010bd90000, 0x000000010c340000, 0x0000000111790000)
  eden space 4672K,  20% used [0x000000010bd90000, 0x000000010be7f298, 0x000000010c220000)
  from space 576K,  99% used [0x000000010c2b0000, 0x000000010c33fff0, 0x000000010c340000)
  to   space 576K,   0% used [0x000000010c220000, 0x000000010c220000, 0x000000010c2b0000)
 tenured generation   total 11520K, used 7220K [0x0000000111790000, 0x00000001122d0000, 0x000000011cb90000)
   the space 11520K,  62% used [0x0000000111790000, 0x0000000111e9d148, 0x0000000111e9d200, 0x00000001122d0000)
 compacting perm gen  total 21568K, used 21315K [0x000000011cb90000, 0x000000011e0a0000, 0x0000000121d90000)
   the space 21568K,  98% used [0x000000011cb90000, 0x000000011e060eb0, 0x000000011e061000, 0x000000011e0a0000)
GC Heap History (10 events):
Event: 2.865 GC heap before
{Heap before GC invocations=17 (full 1):
 def new generation   total 5248K, used 4672K [0x000000010bd90000, 0x000000010c340000, 0x0000000111790000)
  eden space 4672K, 100% used [0x000000010bd90000, 0x000000010c220000, 0x000000010c220000)
  from space 576K,   0% used [0x000000010c220000, 0x000000010c220000, 0x000000010c2b0000)
  to   space 576K,   0% used [0x000000010c2b0000, 0x000000010c2b0000, 0x000000010c340000)
 tenured generation   total 11520K, used 6209K [0x0000000111790000, 0x00000001122d0000, 0x000000011cb90000)
   the space 11520K,  53% used [0x0000000111790000, 0x0000000111da0730, 0x0000000111da0800, 0x00000001122d0000)
 compacting perm gen  total 21248K, used 19429K [0x000000011cb90000, 0x000000011e050000, 0x0000000121d90000)
   the space 21248K,  91% used [0x000000011cb90000, 0x000000011de89618, 0x000000011de89800, 0x000000011e050000)
No shared spaces configured.
Event: 2.867 GC heap after
Heap after GC invocations=18 (full 1):
 def new generation   total 5248K, used 153K [0x000000010bd90000, 0x000000010c340000, 0x0000000111790000)
  eden space 4672K,   0% used [0x000000010bd90000, 0x000000010bd90000, 0x000000010c220000)
  from space 576K,  26% used [0x000000010c2b0000, 0x000000010c2d67e8, 0x000000010c340000)
  to   space 576K,   0% used [0x000000010c220000, 0x000000010c220000, 0x000000010c2b0000)
 tenured generation   total 11520K, used 6209K [0x0000000111790000, 0x00000001122d0000, 0x000000011cb90000)
   the space 11520K,  53% used [0x0000000111790000, 0x0000000111da0730, 0x0000000111da0800, 0x00000001122d0000)
 compacting perm gen  total 21248K, used 19429K [0x000000011cb90000, 0x000000011e050000, 0x0000000121d90000)
   the space 21248K,  91% used [0x000000011cb90000, 0x000000011de89618, 0x000000011de89800, 0x000000011e050000)
No shared spaces configured.
}
Event: 2.956 GC heap before
{Heap before GC invocations=18 (full 1):
 def new generation   total 5248K, used 4825K [0x000000010bd90000, 0x000000010c340000, 0x0000000111790000)
  eden space 4672K, 100% used [0x000000010bd90000, 0x000000010c220000, 0x000000010c220000)
  from space 576K,  26% used [0x000000010c2b0000, 0x000000010c2d67e8, 0x000000010c340000)
  to   space 576K,   0% used [0x000000010c220000, 0x000000010c220000, 0x000000010c2b0000)
 tenured generation   total 11520K, used 6209K [0x0000000111790000, 0x00000001122d0000, 0x000000011cb90000)
   the space 11520K,  53% used [0x0000000111790000, 0x0000000111da0730, 0x0000000111da0800, 0x00000001122d0000)
 compacting perm gen  total 21248K, used 19593K [0x000000011cb90000, 0x000000011e050000, 0x0000000121d90000)
   the space 21248K,  92% used [0x000000011cb90000, 0x000000011deb2440, 0x000000011deb2600, 0x000000011e050000)
No shared spaces configured.
Event: 2.958 GC heap after
Heap after GC invocations=19 (full 1):
 def new generation   total 5248K, used 362K [0x000000010bd90000, 0x000000010c340000, 0x0000000111790000)
  eden space 4672K,   0% used [0x000000010bd90000, 0x000000010bd90000, 0x000000010c220000)
  from space 576K,  62% used [0x000000010c220000, 0x000000010c27aa20, 0x000000010c2b0000)
  to   space 576K,   0% used [0x000000010c2b0000, 0x000000010c2b0000, 0x000000010c340000)
 tenured generation   total 11520K, used 6209K [0x0000000111790000, 0x00000001122d0000, 0x000000011cb90000)
   the space 11520K,  53% used [0x0000000111790000, 0x0000000111da0730, 0x0000000111da0800, 0x00000001122d0000)
 compacting perm gen  total 21248K, used 19593K [0x000000011cb90000, 0x000000011e050000, 0x0000000121d90000)
   the space 21248K,  92% used [0x000000011cb90000, 0x000000011deb2440, 0x000000011deb2600, 0x000000011e050000)
No shared spaces configured.
}
Event: 3.032 GC heap before
{Heap before GC invocations=19 (full 1):
 def new generation   total 5248K, used 5034K [0x000000010bd90000, 0x000000010c340000, 0x0000000111790000)
  eden space 4672K, 100% used [0x000000010bd90000, 0x000000010c220000, 0x000000010c220000)
  from space 576K,  62% used [0x000000010c220000, 0x000000010c27aa20, 0x000000010c2b0000)
  to   space 576K,   0% used [0x000000010c2b0000, 0x000000010c2b0000, 0x000000010c340000)
 tenured generation   total 11520K, used 6209K [0x0000000111790000, 0x00000001122d0000, 0x000000011cb90000)
   the space 11520K,  53% used [0x0000000111790000, 0x0000000111da0730, 0x0000000111da0800, 0x00000001122d0000)
 compacting perm gen  total 21248K, used 19643K [0x000000011cb90000, 0x000000011e050000, 0x0000000121d90000)
   the space 21248K,  92% used [0x000000011cb90000, 0x000000011debefe8, 0x000000011debf000, 0x000000011e050000)
No shared spaces configured.
Event: 3.034 GC heap after
Heap after GC invocations=20 (full 1):
 def new generation   total 5248K, used 276K [0x000000010bd90000, 0x000000010c340000, 0x0000000111790000)
  eden space 4672K,   0% used [0x000000010bd90000, 0x000000010bd90000, 0x000000010c220000)
  from space 576K,  47% used [0x000000010c2b0000, 0x000000010c2f5198, 0x000000010c340000)
  to   space 576K,   0% used [0x000000010c220000, 0x000000010c220000, 0x000000010c2b0000)
 tenured generation   total 11520K, used 6338K [0x0000000111790000, 0x00000001122d0000, 0x000000011cb90000)
   the space 11520K,  55% used [0x0000000111790000, 0x0000000111dc08a8, 0x0000000111dc0a00, 0x00000001122d0000)
 compacting perm gen  total 21248K, used 19643K [0x000000011cb90000, 0x000000011e050000, 0x0000000121d90000)
   the space 21248K,  92% used [0x000000011cb90000, 0x000000011debefe8, 0x000000011debf000, 0x000000011e050000)
No shared spaces configured.
}
Event: 8.245 GC heap before
{Heap before GC invocations=20 (full 1):
 def new generation   total 5248K, used 4948K [0x000000010bd90000, 0x000000010c340000, 0x0000000111790000)
  eden space 4672K, 100% used [0x000000010bd90000, 0x000000010c220000, 0x000000010c220000)
  from space 576K,  47% used [0x000000010c2b0000, 0x000000010c2f5198, 0x000000010c340000)
  to   space 576K,   0% used [0x000000010c220000, 0x000000010c220000, 0x000000010c2b0000)
 tenured generation   total 11520K, used 6338K [0x0000000111790000, 0x00000001122d0000, 0x000000011cb90000)
   the space 11520K,  55% used [0x0000000111790000, 0x0000000111dc08a8, 0x0000000111dc0a00, 0x00000001122d0000)
 compacting perm gen  total 21248K, used 20429K [0x000000011cb90000, 0x000000011e050000, 0x0000000121d90000)
   the space 21248K,  96% used [0x000000011cb90000, 0x000000011df83450, 0x000000011df83600, 0x000000011e050000)
No shared spaces configured.
Event: 8.249 GC heap after
Heap after GC invocations=21 (full 1):
 def new generation   total 5248K, used 575K [0x000000010bd90000, 0x000000010c340000, 0x0000000111790000)
  eden space 4672K,   0% used [0x000000010bd90000, 0x000000010bd90000, 0x000000010c220000)
  from space 576K,  99% used [0x000000010c220000, 0x000000010c2afff8, 0x000000010c2b0000)
  to   space 576K,   0% used [0x000000010c2b0000, 0x000000010c2b0000, 0x000000010c340000)
 tenured generation   total 11520K, used 6599K [0x0000000111790000, 0x00000001122d0000, 0x000000011cb90000)
   the space 11520K,  57% used [0x0000000111790000, 0x0000000111e01fe8, 0x0000000111e02000, 0x00000001122d0000)
 compacting perm gen  total 21248K, used 20429K [0x000000011cb90000, 0x000000011e050000, 0x0000000121d90000)
   the space 21248K,  96% used [0x000000011cb90000, 0x000000011df83450, 0x000000011df83600, 0x000000011e050000)
No shared spaces configured.
}
Event: 265.441 GC heap before
{Heap before GC invocations=21 (full 1):
 def new generation   total 5248K, used 5247K [0x000000010bd90000, 0x000000010c340000, 0x0000000111790000)
  eden space 4672K, 100% used [0x000000010bd90000, 0x000000010c220000, 0x000000010c220000)
  from space 576K,  99% used [0x000000010c220000, 0x000000010c2afff8, 0x000000010c2b0000)
  to   space 576K,   0% used [0x000000010c2b0000, 0x000000010c2b0000, 0x000000010c340000)
 tenured generation   total 11520K, used 6599K [0x0000000111790000, 0x00000001122d0000, 0x000000011cb90000)
   the space 11520K,  57% used [0x0000000111790000, 0x0000000111e01fe8, 0x0000000111e02000, 0x00000001122d0000)
 compacting perm gen  total 21568K, used 21299K [0x000000011cb90000, 0x000000011e0a0000, 0x0000000121d90000)
   the space 21568K,  98% used [0x000000011cb90000, 0x000000011e05cfe0, 0x000000011e05d000, 0x000000011e0a0000)
No shared spaces configured.
Event: 265.484 GC heap after
Heap after GC invocations=22 (full 1):
 def new generation   total 5248K, used 575K [0x000000010bd90000, 0x000000010c340000, 0x0000000111790000)
  eden space 4672K,   0% used [0x000000010bd90000, 0x000000010bd90000, 0x000000010c220000)
  from space 576K,  99% used [0x000000010c2b0000, 0x000000010c33fff0, 0x000000010c340000)
  to   space 576K,   0% used [0x000000010c220000, 0x000000010c220000, 0x000000010c2b0000)
 tenured generation   total 11520K, used 7220K [0x0000000111790000, 0x00000001122d0000, 0x000000011cb90000)
   the space 11520K,  62% used [0x0000000111790000, 0x0000000111e9d148, 0x0000000111e9d200, 0x00000001122d0000)
 compacting perm gen  total 21568K, used 21299K [0x000000011cb90000, 0x000000011e0a0000, 0x0000000121d90000)
   the space 21568K,  98% used [0x000000011cb90000, 0x000000011e05cfe0, 0x000000011e05d000, 0x000000011e0a0000)
No shared spaces configured.
}

